[04:26:50] [main/INFO]: Loading Minecraft 1.21.1 with Fabric Loader 0.16.9
[04:26:50] [ForkJoinPool-1-worker-2/WARN]: Mod spellbound_weapons_mr uses the version 4.1.0c which isn't compatible with Loader's extended semantic version format (Could not parse version number component '0c'!), SemVer is recommended for reliably evaluating dependencies and prioritizing newer version
[04:26:50] [ForkJoinPool-1-worker-2/WARN]: Mod totw_modded uses the version fabric-1.21-1.0.5 which isn't compatible with Loader's extended semantic version format (Could not parse version number component 'fabric'!), SemVer is recommended for reliably evaluating dependencies and prioritizing newer version
[04:26:50] [main/WARN]: Warnings were found!
 - Mod 'Forge Config API Port' (forgeconfigapiport) 21.1.1 recommends any version of modmenu, which is missing!
	 - You should install any version of modmenu for the optimal experience.
[04:26:50] [main/INFO]: Loading 180 mods:
	- actualfishing 1.0.1
	- aether 1.5.1-beta.5
	   |-- accessories 1.1.0-beta.16+1.21.1
	   |-- cumulus_menus 2.0.0
	   |    \-- mixinextras 0.5.0-beta.3
	   |-- mixinextras 0.5.0-beta.3
	   |-- mm_shedaniel 2.4.1
	   \-- nitrogen_internals 1.1.21
	- amendments 1.21-1.2.19
	- archers 2.2.0+1.21.1
	   \-- com_github_zsoltmolnarrr_tinyconfig 2.3.2
	- architectury 13.0.6
	- azurelibarmor 2.3.15
	- bclib 21.0.13
	- bettercombat 2.0.4+1.21.1
	- betterend 21.0.11
	- betternether 21.0.11
	- brutalbosses 1.21-7.4
	- cloth-config 15.0.140
	   \-- cloth-basic-math 0.6.1
	- collective 7.84
	- combat-plus-core 3.1.0+1.21
	   \-- lilylib 1.3.0+1.21
	- combat_roll 2.0.2+1.21.1
	- cupboard 1.21-2.7
	- duckling 5.0.1
	   \-- resourcefullib 3.0.0
	        |-- com_teamresourceful_bytecodecs 1.1.0
	        \-- com_teamresourceful_yabn 1.0.3
	- eg_particle_interactions 0.4
	- elevatorid 1.21-1.11.1
	- eternal_starlight 0.2.1+1.21.1+fabric
	- extended-enchanting 2.0.0+1.21
	- fabric-api 0.114.0+1.21.1
	   |-- fabric-api-base 0.4.42+6573ed8c19
	   |-- fabric-api-lookup-api-v1 1.6.70+b559734419
	   |-- fabric-biome-api-v1 13.0.31+d527f9fd19
	   |-- fabric-block-api-v1 1.0.22+0af3f5a719
	   |-- fabric-block-view-api-v2 1.0.10+6573ed8c19
	   |-- fabric-blockrenderlayer-v1 1.1.52+0af3f5a719
	   |-- fabric-client-tags-api-v1 1.1.15+6573ed8c19
	   |-- fabric-command-api-v1 1.2.49+f71b366f19
	   |-- fabric-command-api-v2 2.2.28+6ced4dd919
	   |-- fabric-commands-v0 0.2.66+df3654b319
	   |-- fabric-content-registries-v0 8.0.18+b559734419
	   |-- fabric-convention-tags-v1 2.1.2+7f945d5b19
	   |-- fabric-convention-tags-v2 2.9.2+e60e56d419
	   |-- fabric-crash-report-info-v1 0.2.29+0af3f5a719
	   |-- fabric-data-attachment-api-v1 1.4.0+da19b51a19
	   |-- fabric-data-generation-api-v1 20.2.25+16c4ae2519
	   |-- fabric-dimensions-v1 4.0.0+6fc22b9919
	   |-- fabric-entity-events-v1 1.7.0+2122d82819
	   |-- fabric-events-interaction-v0 0.7.13+ba9dae0619
	   |-- fabric-game-rule-api-v1 1.0.53+6ced4dd919
	   |-- fabric-item-api-v1 11.1.1+d5debaed19
	   |-- fabric-item-group-api-v1 4.1.6+6823f7cd19
	   |-- fabric-key-binding-api-v1 1.0.47+0af3f5a719
	   |-- fabric-keybindings-v0 0.2.45+df3654b319
	   |-- fabric-lifecycle-events-v1 2.5.0+01d9a51c19
	   |-- fabric-loot-api-v2 3.0.15+3f89f5a519
	   |-- fabric-loot-api-v3 1.0.3+3f89f5a519
	   |-- fabric-message-api-v1 6.0.13+6573ed8c19
	   |-- fabric-model-loading-api-v1 2.0.0+fe474d6b19
	   |-- fabric-networking-api-v1 4.3.0+c7469b2119
	   |-- fabric-object-builder-api-v1 15.2.1+40875a9319
	   |-- fabric-particles-v1 4.0.2+6573ed8c19
	   |-- fabric-recipe-api-v1 5.0.14+248df81c19
	   |-- fabric-registry-sync-v0 5.2.0+34f5d91419
	   |-- fabric-renderer-api-v1 3.4.0+c705a49c19
	   |-- fabric-renderer-indigo 1.7.0+c705a49c19
	   |-- fabric-renderer-registries-v1 3.2.68+df3654b319
	   |-- fabric-rendering-data-attachment-v1 0.3.48+73761d2e19
	   |-- fabric-rendering-fluids-v1 3.1.6+1daea21519
	   |-- fabric-rendering-v0 1.1.71+df3654b319
	   |-- fabric-rendering-v1 5.0.5+df16efd019
	   |-- fabric-resource-conditions-api-v1 4.3.0+8dc279b119
	   |-- fabric-resource-loader-v0 1.3.1+5b5275af19
	   |-- fabric-screen-api-v1 2.0.25+8b68f1c719
	   |-- fabric-screen-handler-api-v1 1.3.88+b559734419
	   |-- fabric-sound-api-v1 1.0.23+6573ed8c19
	   |-- fabric-transfer-api-v1 5.4.2+c24bd99419
	   \-- fabric-transitive-access-wideners-v1 6.2.0+45b9699719
	- fabricloader 0.16.9
	- fallingtree 1.21.1.2
	- forgeconfigapiport 21.1.1
	   |-- com_electronwill_night-config_core 3.8.0
	   \-- com_electronwill_night-config_toml 3.8.0
	- formations 1.0.2
	- formationsoverworld 1.0.4
	- framework 0.9.4
	   |-- org_javassist_javassist 3.29.2-GA
	   \-- org_reflections_reflections 0.10.2
	- ftblibrary 2101.1.7
	- ftbultimine 2101.1.1
	- furnish 27
	- geckolib 4.7.3
	- hangglider 21.1.0
	- hopobettermineshaft 1.2.8
	- hopobetterruinedportal 1.4.4
	- jade 15.9.2+fabric
	- java 21
	- jewelry 2.0.2+1.21.1
	   \-- com_github_zsoltmolnarrr_tinyconfig 2.3.2
	- medieval_buildings 1.0.2
	- minecraft 1.21.1
	- moonlight 1.21-2.17.12
	- mr_dungeons_andtavernsdeserttemplereplacement 1-v1.2
	- mr_dungeons_andtavernsendcastlestandalone 1-v1.1
	- mr_dungeons_andtavernsjungletemplereplacement 1-v1.2
	- mr_dungeons_andtavernsoceanmonumentreplacement 1-v1.2
	- mr_dungeons_andtavernswoodlandmansionreplacement 1-v1.2
	- mr_wither_shrines 1.1.1
	- owo 0.12.15+1.21
	   |-- blue_endless_jankson 1.2.2
	   |-- io_wispforest_endec 0.1.5
	   |-- io_wispforest_endec_gson 0.1.3
	   |-- io_wispforest_endec_jankson 0.1.3
	   \-- io_wispforest_endec_netty 0.1.2
	- paladins 2.2.0+1.21.1
	   |-- com_github_zsoltmolnarrr_tinyconfig 2.3.2
	   \-- shield_api 2.0.2+1.21.1
	- persistentinventorysearch 1.5
	- playeranimator 2.0.1+1.21.1
	- puzzleslib 21.1.24
	- ranged_weapon_api 2.0.4+1.21.1
	- refurbished_furniture 1.0.8
	- rogues 2.2.0+1.21.1
	   \-- com_github_zsoltmolnarrr_tinyconfig 2.3.2
	- runes 1.0.3+1.21.1
	- skinrestorer 2.2.1+1.21-fabric
	   \-- org_mineskin_java-client 3.0.1-SNAPSHOT
	- spell_engine 1.2.0+1.21.1
	   \-- com_github_zsoltmolnarrr_tinyconfig 2.3.2
	- spell_power 1.0.7+1.21.1
	   \-- com_github_zsoltmolnarrr_tinyconfig 2.3.2
	- spellbound_weapons_mr 4.1.0c
	- strayed_fates_forsaken 1-v2.0.0.2
	- structory 1.3.9
	- structory_towers 1.0.10
	- structure_pool_api 1.1.3+1.21.1
	- supplementaries 1.21-3.0.30-beta
	   \-- mixinsquared 0.1.1
	- totw_modded fabric-1.21-1.0.5
	- trade_cycling 1.21.1-1.0.15
	   |-- fabric-key-binding-api-v1 1.0.47+0af3f5a76a
	   \-- fabric-screen-api-v1 2.0.24+b55973446a
	- travelersbackpack 10.1.6
	- trinkets 3.10.0
	   |-- cardinal-components-base 6.1.0
	   \-- cardinal-components-entity 6.1.0
	- unionlib 12.0.9
	   |-- com_google_code_findbugs_jsr305 3.0.2
	   |-- org_antlr_antlr4-runtime 4.11.1
	   |-- org_checkerframework_checker-qual 3.21.2
	   \-- org_tomlj_tomlj 1.1.1
	- universal-graves 3.4.4+1.21
	   |-- common-protection-api 1.0.0
	   |-- fabric-permissions-api-v0 0.2-SNAPSHOT
	   |-- placeholder-api 2.4.1+1.21
	   |-- polymer-core 0.9.14+1.21.1
	   |    |-- polymer-networking 0.9.14+1.21.1
	   |    |    \-- polymer-common 0.9.14+1.21.1
	   |    |         \-- packet_tweaker 0.5.5+1.21
	   |    \-- polymer-registry-sync-manipulator 0.9.14+1.21.1
	   |-- polymer-resource-pack 0.9.14+1.21.1
	   |    \-- polymer-common 0.9.14+1.21.1
	   |         \-- packet_tweaker 0.5.5+1.21
	   |-- polymer-virtual-entity 0.9.14+1.21.1
	   |    \-- polymer-common 0.9.14+1.21.1
	   |         \-- packet_tweaker 0.5.5+1.21
	   |-- predicate-api 0.5.1+1.21
	   |-- server_translations_api 2.3.1+1.21-pre2
	   \-- sgui 1.6.0+1.21
	- voicechat 1.21.1-2.5.24
	   \-- fabric-key-binding-api-v1 1.0.47+0af3f5a76a
	- wizards 2.2.0+1.21.1
	   \-- com_github_zsoltmolnarrr_tinyconfig 2.3.2
	- wover 21.0.13
	   |-- wover-biome 21.0.13
	   |-- wover-block 21.0.13
	   |-- wover-common 21.0.13
	   |-- wover-core 21.0.13
	   |-- wover-datagen 21.0.13
	   |-- wover-events 21.0.13
	   |-- wover-feature 21.0.13
	   |-- wover-generator 21.0.13
	   |-- wover-item 21.0.13
	   |-- wover-math 21.0.13
	   |-- wover-preset 21.0.13
	   |-- wover-recipe 21.0.13
	   |-- wover-structure 21.0.13
	   |-- wover-surface 21.0.13
	   |-- wover-tag 21.0.13
	   |-- wover-ui 21.0.13
	   \-- wunderlib 21.0.8
	- xaerominimap 24.7.1
	- xaeroworldmap 1.39.2
	- yet_another_config_lib_v3 3.6.2+1.21-fabric
	   |-- com_twelvemonkeys_common_common-image 3.12.0
	   |-- com_twelvemonkeys_common_common-io 3.12.0
	   |-- com_twelvemonkeys_common_common-lang 3.12.0
	   |-- com_twelvemonkeys_imageio_imageio-core 3.12.0
	   |-- com_twelvemonkeys_imageio_imageio-metadata 3.12.0
	   |-- com_twelvemonkeys_imageio_imageio-webp 3.12.0
	   |-- org_quiltmc_parsers_gson 0.2.1
	   \-- org_quiltmc_parsers_json 0.2.1
[04:26:50] [main/WARN]: Found 1 non-fabric mod:
	- infernalmobs-1.21.1.1.jar
[04:26:51] [main/INFO]: SpongePowered MIXIN Subsystem Version=0.8.7 Source=file:/workspaces/MCX/servidor_minecraft/libraries/net/fabricmc/sponge-mixin/0.15.4+mixin.0.8.7/sponge-mixin-0.15.4+mixin.0.8.7.jar Service=Knot/Fabric Env=SERVER
[04:26:51] [main/INFO]: Compatibility level set to JAVA_17
[04:26:51] [main/INFO]: Compatibility level set to JAVA_19
[04:26:51] [main/INFO]: Compatibility level set to JAVA_21
[04:26:51] [main/WARN]: Reference map 'elevatorid-common-common-refmap.json' for elevatorid.mixins.json could not be read. If this is a development environment you can ignore this message
[04:26:51] [main/WARN]: Reference map 'forgeconfigapiport.common.refmap.json' for forgeconfigapiport.common.mixins.json could not be read. If this is a development environment you can ignore this message
[04:26:51] [main/WARN]: Reference map 'formationsoverworld.mixins.refmap.json' for formationsoverworld.mixins.json could not be read. If this is a development environment you can ignore this message
[04:26:51] [main/WARN]: Reference map 'furnish-common-common-refmap.json' for furnish.mixins.json could not be read. If this is a development environment you can ignore this message
[04:26:51] [main/WARN]: Reference map 'hangglider.fabric.refmap.json' for hangglider.fabric.mixins.json could not be read. If this is a development environment you can ignore this message
[04:26:51] [main/INFO]: Started MM (shedaniel's fork) at me/shedaniel/gen/mixin/
[04:26:51] [main/WARN]: Reference map 'Manningham Mills-refmap.json' for mixins.mm_shedaniel.json could not be read. If this is a development environment you can ignore this message
[04:26:51] [main/WARN]: Error loading class: net/minecraft/class_761 (java.lang.ClassNotFoundException: net/minecraft/class_761)
[04:26:51] [main/WARN]: @Mixin target net.minecraft.class_761 was not found accessories-common.mixins.json:LevelRendererAccessor from mod accessories
[04:26:51] [main/WARN]: Error loading class: net/minecraft/class_310 (java.lang.ClassNotFoundException: net/minecraft/class_310)
[04:26:51] [main/WARN]: @Mixin target net.minecraft.class_310 was not found aether.mixins.json:client.accessor.MinecraftAccessor from mod aether
[04:26:52] [main/WARN]: Error loading class: net/minecraft/class_287 (java.lang.ClassNotFoundException: net/minecraft/class_287)
[04:26:52] [main/WARN]: @Mixin target net.minecraft.class_287 was not found owo.mixins.json:BufferBuilderAccessor from mod owo
[04:26:52] [main/WARN]: Error loading class: net/minecraft/class_437 (java.lang.ClassNotFoundException: net/minecraft/class_437)
[04:26:52] [main/WARN]: @Mixin target net.minecraft.class_437 was not found owo.mixins.json:ScreenAccessor from mod owo
[04:26:52] [main/WARN]: Error loading class: vectorwing/farmersdelight/common/block/TomatoVineBlock (java.lang.ClassNotFoundException: vectorwing/farmersdelight/common/block/TomatoVineBlock)
[04:26:52] [main/WARN]: Error loading class: me/jellysquid/mods/sodium/client/render/chunk/compile/pipeline/FluidRenderer (java.lang.ClassNotFoundException: me/jellysquid/mods/sodium/client/render/chunk/compile/pipeline/FluidRenderer)
[04:26:52] [main/WARN]: Error loading class: com/simibubi/create/content/kinetics/base/BlockBreakingKineticBlockEntity (java.lang.ClassNotFoundException: com/simibubi/create/content/kinetics/base/BlockBreakingKineticBlockEntity)
[04:26:52] [main/WARN]: Error loading class: net/minecraft/class_314 (java.lang.ClassNotFoundException: net/minecraft/class_314)
[04:26:52] [main/WARN]: @Mixin target net.minecraft.class_314 was not found mixins.mm_shedaniel.json:net.minecraft.class_314 from mod mm_shedaniel
[04:26:52] [main/INFO]: Initializing MixinExtras via com.llamalad7.mixinextras.service.MixinExtrasServiceImpl(version=0.5.0-beta.3).
[04:26:53] [main/WARN]: @Inject(@At("INVOKE")) Shift.BY=2 on accessories-common.mixins.json:NbtCompoundMixin from mod accessories::handler$zzn000$accessories$adjustCheckForListVariants exceeds the maximum allowed value: 0. Increase the value of maxShiftBy to suppress this warning.
[04:27:04] [main/INFO]: Registering Listeners!
[04:27:04] [main/INFO]: Found 0 registry classes in actuallyfishing
[04:27:04] [main/INFO]: Starting up: actuallyfishing
[04:27:04] [main/INFO]: Processing wover.datapack.registry Entrypoints
[04:27:04] [main/INFO]:     - Processing Entrypoint: org.betterx.wover.entrypoint.BiomeDatapackRegistryEntrypoint
[04:27:04] [main/INFO]:     - Processing Entrypoint: org.betterx.wover.entrypoint.FeatureDatapackRegistryEntrypoint
[04:27:04] [main/INFO]:     - Processing Entrypoint: org.betterx.wover.entrypoint.ItemDatapackRegistryEntrypoint
[04:27:04] [main/INFO]:     - Processing Entrypoint: org.betterx.wover.entrypoint.StructureDatapackRegistryEntrypoint
[04:27:04] [main/INFO]:     - Processing Entrypoint: org.betterx.wover.entrypoint.SurfaceDatapackRegistryEntrypoint
[04:27:05] [main/INFO]: Loaded config amendments-common.json
[04:27:11] [main/INFO]: =^..^=    BetterNether for 1.21    =^..^=
[04:27:11] [main/INFO]: Brutal bosses initialized
[04:27:11] [main/INFO]: Loading Collective version 7.84.
[04:27:11] [main/INFO]: Loaded config for: cupboard.json
[04:27:12] [main/ERROR]: No data fixer registered for eternal_starlight:aethersent_meteor
[04:27:12] [main/ERROR]: No data fixer registered for eternal_starlight:aetherstrike_rocket
[04:27:12] [main/ERROR]: No data fixer registered for eternal_starlight:boarwarf
[04:27:12] [main/ERROR]: No data fixer registered for eternal_starlight:astral_golem
[04:27:12] [main/ERROR]: No data fixer registered for eternal_starlight:gleech
[04:27:12] [main/ERROR]: No data fixer registered for eternal_starlight:gleech_egg
[04:27:12] [main/ERROR]: No data fixer registered for eternal_starlight:lonestar_skeleton
[04:27:12] [main/ERROR]: No data fixer registered for eternal_starlight:nightfall_spider
[04:27:12] [main/ERROR]: No data fixer registered for eternal_starlight:thirst_walker
[04:27:12] [main/ERROR]: No data fixer registered for eternal_starlight:creteor
[04:27:12] [main/ERROR]: No data fixer registered for eternal_starlight:tiny_creteor
[04:27:12] [main/ERROR]: No data fixer registered for eternal_starlight:ent
[04:27:12] [main/ERROR]: No data fixer registered for eternal_starlight:ratlin
[04:27:12] [main/ERROR]: No data fixer registered for eternal_starlight:yeti
[04:27:12] [main/ERROR]: No data fixer registered for eternal_starlight:aurora_deer
[04:27:12] [main/ERROR]: No data fixer registered for eternal_starlight:crystallized_moth
[04:27:12] [main/ERROR]: No data fixer registered for eternal_starlight:shimmer_lacewing
[04:27:12] [main/ERROR]: No data fixer registered for eternal_starlight:grimstone_golem
[04:27:12] [main/ERROR]: No data fixer registered for eternal_starlight:luminofish
[04:27:12] [main/ERROR]: No data fixer registered for eternal_starlight:luminaris
[04:27:12] [main/ERROR]: No data fixer registered for eternal_starlight:twilight_gaze
[04:27:12] [main/ERROR]: No data fixer registered for eternal_starlight:eye_of_seeking
[04:27:12] [main/ERROR]: No data fixer registered for eternal_starlight:crest
[04:27:12] [main/ERROR]: No data fixer registered for eternal_starlight:the_gatekeeper
[04:27:12] [main/ERROR]: No data fixer registered for eternal_starlight:gatekeeper_fireball
[04:27:12] [main/ERROR]: No data fixer registered for eternal_starlight:starlight_golem
[04:27:12] [main/ERROR]: No data fixer registered for eternal_starlight:golem_laser_beam
[04:27:12] [main/ERROR]: No data fixer registered for eternal_starlight:energized_flame
[04:27:12] [main/ERROR]: No data fixer registered for eternal_starlight:freeze
[04:27:12] [main/ERROR]: No data fixer registered for eternal_starlight:frozen_tube
[04:27:12] [main/ERROR]: No data fixer registered for eternal_starlight:lunar_monstrosity
[04:27:12] [main/ERROR]: No data fixer registered for eternal_starlight:lunar_monstrosity_breath
[04:27:12] [main/ERROR]: No data fixer registered for eternal_starlight:lunar_spore
[04:27:12] [main/ERROR]: No data fixer registered for eternal_starlight:lunar_thorn
[04:27:12] [main/ERROR]: No data fixer registered for eternal_starlight:tangled
[04:27:12] [main/ERROR]: No data fixer registered for eternal_starlight:tangled_skull
[04:27:12] [main/ERROR]: No data fixer registered for eternal_starlight:tangled_hatred
[04:27:12] [main/ERROR]: No data fixer registered for eternal_starlight:tangled_hatred_part
[04:27:12] [main/ERROR]: No data fixer registered for eternal_starlight:shattered_blade
[04:27:12] [main/ERROR]: No data fixer registered for eternal_starlight:amaramber_arrow
[04:27:12] [main/ERROR]: No data fixer registered for eternal_starlight:voracious_arrow
[04:27:12] [main/ERROR]: No data fixer registered for eternal_starlight:sonar_bomb
[04:27:12] [main/ERROR]: No data fixer registered for eternal_starlight:ashen_snowball
[04:27:12] [main/ERROR]: No data fixer registered for eternal_starlight:frozen_bomb
[04:27:12] [main/ERROR]: No data fixer registered for eternal_starlight:soulit_spectator
[04:27:12] [main/ERROR]: No data fixer registered for eternal_starlight:chain_of_souls
[04:27:12] [main/INFO]: Reflections took 128 ms to scan 1 urls, producing 9 keys and 76 values
[04:27:13] [main/ERROR]: No data fixer registered for seat
[04:27:13] [main/INFO]: Registering C2S receiver with id ftblibrary:edit_nbt_response
[04:27:13] [main/INFO]: Registering C2S receiver with id ftbultimine:key_pressed_packet
[04:27:13] [main/INFO]: Registering C2S receiver with id ftbultimine:mode_changed_packet
[04:27:13] [main/INFO]: Registering C2S receiver with id ftbultimine:sync_config_to_server_packet
[04:27:13] [main/INFO]: Initializing Furnish on Fabric.
[04:27:13] [main/INFO]: Registered Furnish Blocks.
[04:27:13] [main/INFO]: Registered Furnish Items.
[04:27:13] [main/INFO]: Registered Furnish Recipe Types.
[04:27:13] [main/INFO]: Registered Furnish Recipe Serializers.
[04:27:13] [main/INFO]: Registered Furnish Sound Events.
[04:27:13] [main/INFO]: Registered Furnish Containers.
[04:27:13] [main/ERROR]: No data fixer registered for seat
[04:27:13] [main/INFO]: Registered Furnish Entities.
[04:27:13] [main/INFO]: Registered Furnish Block Entities.
[04:27:13] [main/INFO]: Registered Furnish Data Attachments
[04:27:13] [main/INFO]: Registered Furnish Creative Tab.
[04:27:13] [main/INFO]: Registering C2S receiver with id furnish:update_letter
[04:27:13] [main/INFO]: Registered Furnish Events.
[04:27:13] [main/INFO]: Registered Furnish Fabric specific events.
[04:27:13] [main/INFO]: Constructing common components for hangglider:main
[04:27:13] [main/INFO]: Definitely not up to no good
[04:27:13] [main/INFO]: make a man a mod, he'll be enteratined for a few minutes - teach a man to mod, and he'll mald till the end of time
[04:27:13] [main/INFO]: Constructing common components for puzzleslib:main
[04:27:13] [main/INFO]: Registered synced data key refurbished_furniture:lock_yaw for refurbished_furniture:seat
[04:27:13] [main/INFO]: Shield API initialized!
[04:27:13] [main/INFO]: Loaded config supplementaries-common.json
[04:27:14] [main/INFO]: Hello Fabric world!
[04:27:14] [main/ERROR]: No data fixer registered for 
[04:27:14] [main/INFO]: Registered the FluidEffect with Unique ID of minecraft:water for Water (Fluid Amount Required: 81000) with the ID 0
[04:27:14] [main/INFO]: Registered the FluidEffect with Unique ID of minecraft:lava for Lava (Fluid Amount Required: 81000) with the ID 1
[04:27:14] [main/INFO]: Registered the FluidEffect with Unique ID of travelersbackpack:potion for block.travelersbackpack.potion_still (Fluid Amount Required: 27000) with the ID 2
[04:27:14] [main/INFO]: Registered the FluidEffect with Unique ID of minecraft:milk for Air (Fluid Amount Required: 81000) with the ID 3
[04:27:14] [main/INFO]: Watching directory: ./config
[04:27:14] [main/INFO]: Watching file: unionlib-client.toml
[04:27:14] [main/INFO]: Watching file: unionlib-common.toml
[04:27:14] [main/INFO]: Watching file: unionlib-server.toml
[04:27:14] [main/INFO]: Found 5 registry classes in unionlib
[04:27:14] [main/INFO]: Registering minecraft:attributes in com.stereowalker.unionlib.core.registries.ClassNRegistry@5c219797
[04:27:14] [main/INFO]: Registering minecraft:items in com.stereowalker.unionlib.core.registries.ClassNRegistry@7de90184
[04:27:14] [main/INFO]: Registering minecraft:menus in com.stereowalker.unionlib.core.registries.ClassNRegistry@a584654
[04:27:14] [main/INFO]: Registering minecraft:recipe_serializers in com.stereowalker.unionlib.core.registries.ClassNRegistry@5a8bb3a2
[04:27:14] [main/INFO]: Registering minecraft:data_component_types in com.stereowalker.unionlib.core.registries.ClassNRegistry@3e224a4
[04:27:14] [main/INFO]: Starting up: unionlib
[04:27:14] [main/INFO]: unionlib's Serverbound & Clientbound packets registered
[04:27:14] [main/INFO]: [voicechat] Compatibility version 18
[04:27:14] [main/INFO]: [voicechat] Loading plugins
[04:27:14] [main/INFO]: [voicechat] Loaded 0 plugin(s)
[04:27:14] [main/INFO]: [voicechat] Initializing plugins
[04:27:14] [main/INFO]: [voicechat] Initialized 0 plugin(s)
[04:27:15] [main/INFO]: Initialized block sets in 17ms
[04:27:15] [main/ERROR]: No data fixer registered for falling_lantern
[04:27:15] [main/ERROR]: No data fixer registered for dispenser_minecart
[04:27:15] [main/ERROR]: No data fixer registered for falling_urn
[04:27:15] [main/ERROR]: No data fixer registered for falling_ash
[04:27:15] [main/ERROR]: No data fixer registered for falling_sack
[04:27:15] [main/ERROR]: No data fixer registered for brick_projectile
[04:27:15] [main/ERROR]: No data fixer registered for slimeball_projectile
[04:27:15] [main/ERROR]: No data fixer registered for bomb
[04:27:15] [main/ERROR]: No data fixer registered for cannonball
[04:27:15] [main/ERROR]: No data fixer registered for rope_arrow
[04:27:15] [main/ERROR]: No data fixer registered for slingshot_projectile
[04:27:15] [main/INFO]: Initialized color sets in 61ms
[04:27:15] [main/INFO]: Finished mod setup in: [0, 0, 0, 2, 15, 4, 0] ms
[04:27:15] [main/INFO]: Loading Xaero's Minimap - Stage 1/2 (Server)
[04:27:15] [main/INFO]: Loading Xaero's World Map - Stage 1/2 (Server)
[04:27:15] [main/INFO]: Environment: Environment[sessionHost=https://sessionserver.mojang.com, servicesHost=https://api.minecraftservices.com, name=PROD]
[04:27:15] [main/ERROR]: Failed to start the minecraft server
net.minecraft.class_5125$class_5126: /workspaces/MCX/servidor_minecraft/./world/session.lock: already locked (possibly by other Minecraft instance?)
	at knot/net.minecraft.class_5125$class_5126.method_26805(class_5125.java:95) ~[server-intermediary.jar:?]
	at knot/net.minecraft.class_5125.method_26803(class_5125.java:41) ~[server-intermediary.jar:?]
	at knot/net.minecraft.class_32$class_5143.<init>(class_32.java:374) ~[server-intermediary.jar:?]
	at knot/net.minecraft.class_32.method_52236(class_32.java:353) ~[server-intermediary.jar:?]
	at knot/net.minecraft.server.Main.main(Main.java:137) [server-intermediary.jar:?]
	at net.fabricmc.loader.impl.game.minecraft.MinecraftGameProvider.launch(MinecraftGameProvider.java:480) [fabric-loader-0.16.9.jar:?]
	at net.fabricmc.loader.impl.launch.knot.Knot.launch(Knot.java:74) [fabric-loader-0.16.9.jar:?]
	at net.fabricmc.loader.impl.launch.knot.KnotServer.main(KnotServer.java:23) [fabric-loader-0.16.9.jar:?]
	at net.fabricmc.loader.impl.launch.server.FabricServerLauncher.main(FabricServerLauncher.java:69) [fabric-loader-0.16.9.jar:?]
	at net.fabricmc.installer.ServerLauncher.main(ServerLauncher.java:69) [fabric-server-launch.jar:1.0.1]
